<?xml version="1.0" encoding="UTF-8"?>
<!-- Generated by org.testng.reporters.JUnitReportReporter -->
<testsuite hostname="DESKTOP-E5UJ6T6" name="ui_tests.AmazonScript" tests="1" failures="0" timestamp="7 Jan 2023 18:41:52 GMT" time="35.778" errors="0">
  <testcase name="amazonWorkFlow" time="35.778" classname="ui_tests.AmazonScript"/>
</testsuite> <!-- ui_tests.AmazonScript -->
